right 9.46
forward 121.66
right 80.54
forward 60
right 135
forward 84.85
left 63.43
forward 63.25
left 71.57
forward 40
left 80.54
forward 121.66
right 80.54
forward 80
back 60
right 99.46
forward 121.66
left 99.46
forward 80
left 80.54
forward 121.66
right 180
forward 60.83
left 99.46
forward 60
left 80.54
forward 60.83
right 180
forward 121.66
left 99.46
forward 20
left 63.43
forward 134.16
right 143.97
forward 121.66
left 80.54
forward 20
left 80.54
forward 121.66
right 80.54
forward 60
right 135
forward 84.85
left 63.43
forward 63.25
left 71.57
forward 40
left 80.54
forward 121.66
right 136.85
forward 72.11
right 78.69
forward 84.85
